<?xml version="1.0" encoding="UTF-8"?>
<testsuite xmlns:xsi="http://www.w3.org/2001/XMLSchema-instance" xsi:noNamespaceSchemaLocation="https://maven.apache.org/surefire/maven-surefire-plugin/xsd/surefire-test-report.xsd" name="runner.TestRunner" time="507.302" tests="229" errors="0" skipped="0" failures="0">
  <properties>
    <property name="sun.desktop" value="windows"/>
    <property name="awt.toolkit" value="sun.awt.windows.WToolkit"/>
    <property name="file.encoding.pkg" value="sun.io"/>
    <property name="java.specification.version" value="1.8"/>
    <property name="sun.cpu.isalist" value="pentium_pro+mmx pentium_pro pentium+mmx pentium i486 i386 i86"/>
    <property name="sun.jnu.encoding" value="Cp1252"/>
    <property name="java.class.path" value="C:\Users\Administrator\Automation\RakutenCucumber\SauceDemo\target\test-classes;C:\Users\Administrator\Automation\RakutenCucumber\SauceDemo\target\classes;C:\Program Files\Java\jdk1.8.0_251\lib\tools.jar;C:\Windows\system32\config\systemprofile\.m2\repository\net\sourceforge\cobertura\cobertura\2.1.1\cobertura-2.1.1.jar;C:\Windows\system32\config\systemprofile\.m2\repository\org\ow2\asm\asm\5.0.1\asm-5.0.1.jar;C:\Windows\system32\config\systemprofile\.m2\repository\org\ow2\asm\asm-tree\5.0.1\asm-tree-5.0.1.jar;C:\Windows\system32\config\systemprofile\.m2\repository\org\ow2\asm\asm-commons\5.0.1\asm-commons-5.0.1.jar;C:\Windows\system32\config\systemprofile\.m2\repository\org\ow2\asm\asm-util\5.0.1\asm-util-5.0.1.jar;C:\Windows\system32\config\systemprofile\.m2\repository\org\ow2\asm\asm-analysis\5.0.1\asm-analysis-5.0.1.jar;C:\Windows\system32\config\systemprofile\.m2\repository\oro\oro\2.0.8\oro-2.0.8.jar;C:\Windows\system32\config\systemprofile\.m2\repository\jaxen\jaxen\1.1.4\jaxen-1.1.4.jar;C:\Windows\system32\config\systemprofile\.m2\repository\org\apache\ant\ant\1.8.3\ant-1.8.3.jar;C:\Windows\system32\config\systemprofile\.m2\repository\org\apache\ant\ant-launcher\1.8.3\ant-launcher-1.8.3.jar;C:\Windows\system32\config\systemprofile\.m2\repository\org\apache\ant\ant-junit\1.8.3\ant-junit-1.8.3.jar;C:\Windows\system32\config\systemprofile\.m2\repository\org\mortbay\jetty\servlet-api-2.5\6.1.14\servlet-api-2.5-6.1.14.jar;C:\Windows\system32\config\systemprofile\.m2\repository\org\mortbay\jetty\jetty\6.1.14\jetty-6.1.14.jar;C:\Windows\system32\config\systemprofile\.m2\repository\org\mortbay\jetty\jetty-util\6.1.14\jetty-util-6.1.14.jar;C:\Windows\system32\config\systemprofile\.m2\repository\org\slf4j\slf4j-api\1.7.5\slf4j-api-1.7.5.jar;C:\Windows\system32\config\systemprofile\.m2\repository\ch\qos\logback\logback-classic\1.0.13\logback-classic-1.0.13.jar;C:\Windows\system32\config\systemprofile\.m2\repository\ch\qos\logback\logback-core\1.0.13\logback-core-1.0.13.jar;C:\Windows\system32\config\systemprofile\.m2\repository\org\apache\commons\commons-lang3\3.3.2\commons-lang3-3.3.2.jar;C:\Windows\system32\config\systemprofile\.m2\repository\info\cukes\cucumber-core\1.2.5\cucumber-core-1.2.5.jar;C:\Windows\system32\config\systemprofile\.m2\repository\info\cukes\cucumber-html\0.2.6\cucumber-html-0.2.6.jar;C:\Windows\system32\config\systemprofile\.m2\repository\info\cukes\cucumber-java\1.2.5\cucumber-java-1.2.5.jar;C:\Windows\system32\config\systemprofile\.m2\repository\info\cukes\cucumber-junit\1.2.5\cucumber-junit-1.2.5.jar;C:\Windows\system32\config\systemprofile\.m2\repository\info\cukes\cucumber-jvm-deps\1.0.5\cucumber-jvm-deps-1.0.5.jar;C:\Windows\system32\config\systemprofile\.m2\repository\net\masterthought\cucumber-reporting\5.3.0\cucumber-reporting-5.3.0.jar;C:\Windows\system32\config\systemprofile\.m2\repository\com\fasterxml\jackson\core\jackson-databind\2.10.1\jackson-databind-2.10.1.jar;C:\Windows\system32\config\systemprofile\.m2\repository\com\fasterxml\jackson\core\jackson-annotations\2.10.1\jackson-annotations-2.10.1.jar;C:\Windows\system32\config\systemprofile\.m2\repository\com\fasterxml\jackson\core\jackson-core\2.10.1\jackson-core-2.10.1.jar;C:\Windows\system32\config\systemprofile\.m2\repository\com\fasterxml\jackson\datatype\jackson-datatype-jsr310\2.10.1\jackson-datatype-jsr310-2.10.1.jar;C:\Windows\system32\config\systemprofile\.m2\repository\org\apache\velocity\velocity-engine-core\2.1\velocity-engine-core-2.1.jar;C:\Windows\system32\config\systemprofile\.m2\repository\commons-collections\commons-collections\3.2.2\commons-collections-3.2.2.jar;C:\Windows\system32\config\systemprofile\.m2\repository\joda-time\joda-time\2.10.5\joda-time-2.10.5.jar;C:\Windows\system32\config\systemprofile\.m2\repository\commons-io\commons-io\2.6\commons-io-2.6.jar;C:\Windows\system32\config\systemprofile\.m2\repository\org\codehaus\plexus\plexus-utils\3.3.0\plexus-utils-3.3.0.jar;C:\Windows\system32\config\systemprofile\.m2\repository\org\jsoup\jsoup\1.12.1\jsoup-1.12.1.jar;C:\Windows\system32\config\systemprofile\.m2\repository\com\googlecode\owasp-java-html-sanitizer\owasp-java-html-sanitizer\20191001.1\owasp-java-html-sanitizer-20191001.1.jar;C:\Windows\system32\config\systemprofile\.m2\repository\commons-configuration\commons-configuration\1.10\commons-configuration-1.10.jar;C:\Windows\system32\config\systemprofile\.m2\repository\commons-lang\commons-lang\2.6\commons-lang-2.6.jar;C:\Windows\system32\config\systemprofile\.m2\repository\info\cukes\gherkin\2.12.2\gherkin-2.12.2.jar;C:\Windows\system32\config\systemprofile\.m2\repository\org\hamcrest\hamcrest-core\1.3\hamcrest-core-1.3.jar;C:\Windows\system32\config\systemprofile\.m2\repository\junit\junit\4.13\junit-4.13.jar;C:\Windows\system32\config\systemprofile\.m2\repository\org\seleniumhq\selenium\selenium-java\3.9.0\selenium-java-3.9.0.jar;C:\Windows\system32\config\systemprofile\.m2\repository\org\seleniumhq\selenium\selenium-api\3.9.0\selenium-api-3.9.0.jar;C:\Windows\system32\config\systemprofile\.m2\repository\org\seleniumhq\selenium\selenium-chrome-driver\3.9.0\selenium-chrome-driver-3.9.0.jar;C:\Windows\system32\config\systemprofile\.m2\repository\org\seleniumhq\selenium\selenium-edge-driver\3.9.0\selenium-edge-driver-3.9.0.jar;C:\Windows\system32\config\systemprofile\.m2\repository\org\seleniumhq\selenium\selenium-firefox-driver\3.9.0\selenium-firefox-driver-3.9.0.jar;C:\Windows\system32\config\systemprofile\.m2\repository\org\seleniumhq\selenium\selenium-ie-driver\3.9.0\selenium-ie-driver-3.9.0.jar;C:\Windows\system32\config\systemprofile\.m2\repository\org\seleniumhq\selenium\selenium-opera-driver\3.9.0\selenium-opera-driver-3.9.0.jar;C:\Windows\system32\config\systemprofile\.m2\repository\org\seleniumhq\selenium\selenium-remote-driver\3.9.0\selenium-remote-driver-3.9.0.jar;C:\Windows\system32\config\systemprofile\.m2\repository\org\seleniumhq\selenium\selenium-safari-driver\3.9.0\selenium-safari-driver-3.9.0.jar;C:\Windows\system32\config\systemprofile\.m2\repository\org\seleniumhq\selenium\selenium-support\3.9.0\selenium-support-3.9.0.jar;C:\Windows\system32\config\systemprofile\.m2\repository\net\bytebuddy\byte-buddy\1.7.9\byte-buddy-1.7.9.jar;C:\Windows\system32\config\systemprofile\.m2\repository\org\apache\commons\commons-exec\1.3\commons-exec-1.3.jar;C:\Windows\system32\config\systemprofile\.m2\repository\commons-codec\commons-codec\1.10\commons-codec-1.10.jar;C:\Windows\system32\config\systemprofile\.m2\repository\commons-logging\commons-logging\1.2\commons-logging-1.2.jar;C:\Windows\system32\config\systemprofile\.m2\repository\com\google\code\gson\gson\2.8.2\gson-2.8.2.jar;C:\Windows\system32\config\systemprofile\.m2\repository\com\google\guava\guava\23.6-jre\guava-23.6-jre.jar;C:\Windows\system32\config\systemprofile\.m2\repository\com\google\code\findbugs\jsr305\1.3.9\jsr305-1.3.9.jar;C:\Windows\system32\config\systemprofile\.m2\repository\org\checkerframework\checker-compat-qual\2.0.0\checker-compat-qual-2.0.0.jar;C:\Windows\system32\config\systemprofile\.m2\repository\com\google\errorprone\error_prone_annotations\2.1.3\error_prone_annotations-2.1.3.jar;C:\Windows\system32\config\systemprofile\.m2\repository\com\google\j2objc\j2objc-annotations\1.1\j2objc-annotations-1.1.jar;C:\Windows\system32\config\systemprofile\.m2\repository\org\codehaus\mojo\animal-sniffer-annotations\1.14\animal-sniffer-annotations-1.14.jar;C:\Windows\system32\config\systemprofile\.m2\repository\org\apache\httpcomponents\httpclient\4.5.3\httpclient-4.5.3.jar;C:\Windows\system32\config\systemprofile\.m2\repository\org\apache\httpcomponents\httpcore\4.4.6\httpcore-4.4.6.jar;C:\Windows\system32\config\systemprofile\.m2\repository\com\squareup\okhttp3\okhttp\3.9.1\okhttp-3.9.1.jar;C:\Windows\system32\config\systemprofile\.m2\repository\com\squareup\okio\okio\1.13.0\okio-1.13.0.jar;"/>
    <property name="java.vm.vendor" value="Oracle Corporation"/>
    <property name="sun.arch.data.model" value="32"/>
    <property name="user.variant" value=""/>
    <property name="java.vendor.url" value="http://java.oracle.com/"/>
    <property name="user.timezone" value="UTC"/>
    <property name="java.vm.specification.version" value="1.8"/>
    <property name="os.name" value="Windows Server 2012 R2"/>
    <property name="user.country" value="US"/>
    <property name="sun.java.launcher" value="SUN_STANDARD"/>
    <property name="sun.boot.library.path" value="C:\Program Files (x86)\Jenkins\jre\bin"/>
    <property name="sun.java.command" value="C:\Windows\TEMP\surefire7813397866490566675\surefirebooter3233850157084600594.jar C:\Windows\Temp\surefire7813397866490566675 2020-07-22T08-18-13_670-jvmRun1 surefire8478671462009504160tmp surefire_07837558207929005226tmp"/>
    <property name="surefire.test.class.path" value="C:\Users\Administrator\Automation\RakutenCucumber\SauceDemo\target\test-classes;C:\Users\Administrator\Automation\RakutenCucumber\SauceDemo\target\classes;C:\Program Files\Java\jdk1.8.0_251\lib\tools.jar;C:\Windows\system32\config\systemprofile\.m2\repository\net\sourceforge\cobertura\cobertura\2.1.1\cobertura-2.1.1.jar;C:\Windows\system32\config\systemprofile\.m2\repository\org\ow2\asm\asm\5.0.1\asm-5.0.1.jar;C:\Windows\system32\config\systemprofile\.m2\repository\org\ow2\asm\asm-tree\5.0.1\asm-tree-5.0.1.jar;C:\Windows\system32\config\systemprofile\.m2\repository\org\ow2\asm\asm-commons\5.0.1\asm-commons-5.0.1.jar;C:\Windows\system32\config\systemprofile\.m2\repository\org\ow2\asm\asm-util\5.0.1\asm-util-5.0.1.jar;C:\Windows\system32\config\systemprofile\.m2\repository\org\ow2\asm\asm-analysis\5.0.1\asm-analysis-5.0.1.jar;C:\Windows\system32\config\systemprofile\.m2\repository\oro\oro\2.0.8\oro-2.0.8.jar;C:\Windows\system32\config\systemprofile\.m2\repository\jaxen\jaxen\1.1.4\jaxen-1.1.4.jar;C:\Windows\system32\config\systemprofile\.m2\repository\org\apache\ant\ant\1.8.3\ant-1.8.3.jar;C:\Windows\system32\config\systemprofile\.m2\repository\org\apache\ant\ant-launcher\1.8.3\ant-launcher-1.8.3.jar;C:\Windows\system32\config\systemprofile\.m2\repository\org\apache\ant\ant-junit\1.8.3\ant-junit-1.8.3.jar;C:\Windows\system32\config\systemprofile\.m2\repository\org\mortbay\jetty\servlet-api-2.5\6.1.14\servlet-api-2.5-6.1.14.jar;C:\Windows\system32\config\systemprofile\.m2\repository\org\mortbay\jetty\jetty\6.1.14\jetty-6.1.14.jar;C:\Windows\system32\config\systemprofile\.m2\repository\org\mortbay\jetty\jetty-util\6.1.14\jetty-util-6.1.14.jar;C:\Windows\system32\config\systemprofile\.m2\repository\org\slf4j\slf4j-api\1.7.5\slf4j-api-1.7.5.jar;C:\Windows\system32\config\systemprofile\.m2\repository\ch\qos\logback\logback-classic\1.0.13\logback-classic-1.0.13.jar;C:\Windows\system32\config\systemprofile\.m2\repository\ch\qos\logback\logback-core\1.0.13\logback-core-1.0.13.jar;C:\Windows\system32\config\systemprofile\.m2\repository\org\apache\commons\commons-lang3\3.3.2\commons-lang3-3.3.2.jar;C:\Windows\system32\config\systemprofile\.m2\repository\info\cukes\cucumber-core\1.2.5\cucumber-core-1.2.5.jar;C:\Windows\system32\config\systemprofile\.m2\repository\info\cukes\cucumber-html\0.2.6\cucumber-html-0.2.6.jar;C:\Windows\system32\config\systemprofile\.m2\repository\info\cukes\cucumber-java\1.2.5\cucumber-java-1.2.5.jar;C:\Windows\system32\config\systemprofile\.m2\repository\info\cukes\cucumber-junit\1.2.5\cucumber-junit-1.2.5.jar;C:\Windows\system32\config\systemprofile\.m2\repository\info\cukes\cucumber-jvm-deps\1.0.5\cucumber-jvm-deps-1.0.5.jar;C:\Windows\system32\config\systemprofile\.m2\repository\net\masterthought\cucumber-reporting\5.3.0\cucumber-reporting-5.3.0.jar;C:\Windows\system32\config\systemprofile\.m2\repository\com\fasterxml\jackson\core\jackson-databind\2.10.1\jackson-databind-2.10.1.jar;C:\Windows\system32\config\systemprofile\.m2\repository\com\fasterxml\jackson\core\jackson-annotations\2.10.1\jackson-annotations-2.10.1.jar;C:\Windows\system32\config\systemprofile\.m2\repository\com\fasterxml\jackson\core\jackson-core\2.10.1\jackson-core-2.10.1.jar;C:\Windows\system32\config\systemprofile\.m2\repository\com\fasterxml\jackson\datatype\jackson-datatype-jsr310\2.10.1\jackson-datatype-jsr310-2.10.1.jar;C:\Windows\system32\config\systemprofile\.m2\repository\org\apache\velocity\velocity-engine-core\2.1\velocity-engine-core-2.1.jar;C:\Windows\system32\config\systemprofile\.m2\repository\commons-collections\commons-collections\3.2.2\commons-collections-3.2.2.jar;C:\Windows\system32\config\systemprofile\.m2\repository\joda-time\joda-time\2.10.5\joda-time-2.10.5.jar;C:\Windows\system32\config\systemprofile\.m2\repository\commons-io\commons-io\2.6\commons-io-2.6.jar;C:\Windows\system32\config\systemprofile\.m2\repository\org\codehaus\plexus\plexus-utils\3.3.0\plexus-utils-3.3.0.jar;C:\Windows\system32\config\systemprofile\.m2\repository\org\jsoup\jsoup\1.12.1\jsoup-1.12.1.jar;C:\Windows\system32\config\systemprofile\.m2\repository\com\googlecode\owasp-java-html-sanitizer\owasp-java-html-sanitizer\20191001.1\owasp-java-html-sanitizer-20191001.1.jar;C:\Windows\system32\config\systemprofile\.m2\repository\commons-configuration\commons-configuration\1.10\commons-configuration-1.10.jar;C:\Windows\system32\config\systemprofile\.m2\repository\commons-lang\commons-lang\2.6\commons-lang-2.6.jar;C:\Windows\system32\config\systemprofile\.m2\repository\info\cukes\gherkin\2.12.2\gherkin-2.12.2.jar;C:\Windows\system32\config\systemprofile\.m2\repository\org\hamcrest\hamcrest-core\1.3\hamcrest-core-1.3.jar;C:\Windows\system32\config\systemprofile\.m2\repository\junit\junit\4.13\junit-4.13.jar;C:\Windows\system32\config\systemprofile\.m2\repository\org\seleniumhq\selenium\selenium-java\3.9.0\selenium-java-3.9.0.jar;C:\Windows\system32\config\systemprofile\.m2\repository\org\seleniumhq\selenium\selenium-api\3.9.0\selenium-api-3.9.0.jar;C:\Windows\system32\config\systemprofile\.m2\repository\org\seleniumhq\selenium\selenium-chrome-driver\3.9.0\selenium-chrome-driver-3.9.0.jar;C:\Windows\system32\config\systemprofile\.m2\repository\org\seleniumhq\selenium\selenium-edge-driver\3.9.0\selenium-edge-driver-3.9.0.jar;C:\Windows\system32\config\systemprofile\.m2\repository\org\seleniumhq\selenium\selenium-firefox-driver\3.9.0\selenium-firefox-driver-3.9.0.jar;C:\Windows\system32\config\systemprofile\.m2\repository\org\seleniumhq\selenium\selenium-ie-driver\3.9.0\selenium-ie-driver-3.9.0.jar;C:\Windows\system32\config\systemprofile\.m2\repository\org\seleniumhq\selenium\selenium-opera-driver\3.9.0\selenium-opera-driver-3.9.0.jar;C:\Windows\system32\config\systemprofile\.m2\repository\org\seleniumhq\selenium\selenium-remote-driver\3.9.0\selenium-remote-driver-3.9.0.jar;C:\Windows\system32\config\systemprofile\.m2\repository\org\seleniumhq\selenium\selenium-safari-driver\3.9.0\selenium-safari-driver-3.9.0.jar;C:\Windows\system32\config\systemprofile\.m2\repository\org\seleniumhq\selenium\selenium-support\3.9.0\selenium-support-3.9.0.jar;C:\Windows\system32\config\systemprofile\.m2\repository\net\bytebuddy\byte-buddy\1.7.9\byte-buddy-1.7.9.jar;C:\Windows\system32\config\systemprofile\.m2\repository\org\apache\commons\commons-exec\1.3\commons-exec-1.3.jar;C:\Windows\system32\config\systemprofile\.m2\repository\commons-codec\commons-codec\1.10\commons-codec-1.10.jar;C:\Windows\system32\config\systemprofile\.m2\repository\commons-logging\commons-logging\1.2\commons-logging-1.2.jar;C:\Windows\system32\config\systemprofile\.m2\repository\com\google\code\gson\gson\2.8.2\gson-2.8.2.jar;C:\Windows\system32\config\systemprofile\.m2\repository\com\google\guava\guava\23.6-jre\guava-23.6-jre.jar;C:\Windows\system32\config\systemprofile\.m2\repository\com\google\code\findbugs\jsr305\1.3.9\jsr305-1.3.9.jar;C:\Windows\system32\config\systemprofile\.m2\repository\org\checkerframework\checker-compat-qual\2.0.0\checker-compat-qual-2.0.0.jar;C:\Windows\system32\config\systemprofile\.m2\repository\com\google\errorprone\error_prone_annotations\2.1.3\error_prone_annotations-2.1.3.jar;C:\Windows\system32\config\systemprofile\.m2\repository\com\google\j2objc\j2objc-annotations\1.1\j2objc-annotations-1.1.jar;C:\Windows\system32\config\systemprofile\.m2\repository\org\codehaus\mojo\animal-sniffer-annotations\1.14\animal-sniffer-annotations-1.14.jar;C:\Windows\system32\config\systemprofile\.m2\repository\org\apache\httpcomponents\httpclient\4.5.3\httpclient-4.5.3.jar;C:\Windows\system32\config\systemprofile\.m2\repository\org\apache\httpcomponents\httpcore\4.4.6\httpcore-4.4.6.jar;C:\Windows\system32\config\systemprofile\.m2\repository\com\squareup\okhttp3\okhttp\3.9.1\okhttp-3.9.1.jar;C:\Windows\system32\config\systemprofile\.m2\repository\com\squareup\okio\okio\1.13.0\okio-1.13.0.jar;"/>
    <property name="sun.cpu.endian" value="little"/>
    <property name="user.home" value="C:\Windows\system32\config\systemprofile"/>
    <property name="user.language" value="en"/>
    <property name="java.specification.vendor" value="Oracle Corporation"/>
    <property name="java.home" value="C:\Program Files (x86)\Jenkins\jre"/>
    <property name="basedir" value="C:\Users\Administrator\Automation\RakutenCucumber\SauceDemo"/>
    <property name="file.separator" value="\"/>
    <property name="line.separator" value="&#10;"/>
    <property name="java.vm.specification.vendor" value="Oracle Corporation"/>
    <property name="java.specification.name" value="Java Platform API Specification"/>
    <property name="java.awt.graphicsenv" value="sun.awt.Win32GraphicsEnvironment"/>
    <property name="surefire.real.class.path" value="C:\Windows\TEMP\surefire7813397866490566675\surefirebooter3233850157084600594.jar"/>
    <property name="BROWSER" value="firefox"/>
    <property name="sun.boot.class.path" value="C:\Program Files (x86)\Jenkins\jre\lib\resources.jar;C:\Program Files (x86)\Jenkins\jre\lib\rt.jar;C:\Program Files (x86)\Jenkins\jre\lib\sunrsasign.jar;C:\Program Files (x86)\Jenkins\jre\lib\jsse.jar;C:\Program Files (x86)\Jenkins\jre\lib\jce.jar;C:\Program Files (x86)\Jenkins\jre\lib\charsets.jar;C:\Program Files (x86)\Jenkins\jre\lib\jfr.jar;C:\Program Files (x86)\Jenkins\jre\classes;C:\Program Files (x86)\Micro Focus\Unified Functional Testing\bin\java_shared\classes\jasmine.jar"/>
    <property name="user.script" value=""/>
    <property name="sun.management.compiler" value="HotSpot Client Compiler"/>
    <property name="java.runtime.version" value="1.8.0_144-b01"/>
    <property name="user.name" value="IP-AC1A0E97$"/>
    <property name="path.separator" value=";"/>
    <property name="os.version" value="6.3"/>
    <property name="java.endorsed.dirs" value="C:\Program Files (x86)\Jenkins\jre\lib\endorsed"/>
    <property name="java.runtime.name" value="Java(TM) SE Runtime Environment"/>
    <property name="file.encoding" value="Cp1252"/>
    <property name="java.vm.name" value="Java HotSpot(TM) Client VM"/>
    <property name="localRepository" value="C:\Windows\system32\config\systemprofile\.m2\repository"/>
    <property name="java.vendor.url.bug" value="http://bugreport.sun.com/bugreport/"/>
    <property name="java.io.tmpdir" value="C:\Windows\TEMP\"/>
    <property name="java.version" value="1.8.0_144"/>
    <property name="user.dir" value="C:\Users\Administrator\Automation\RakutenCucumber\SauceDemo"/>
    <property name="os.arch" value="x86"/>
    <property name="java.vm.specification.name" value="Java Virtual Machine Specification"/>
    <property name="java.awt.printerjob" value="sun.awt.windows.WPrinterJob"/>
    <property name="sun.os.patch.level" value=""/>
    <property name="java.library.path" value="C:\Program Files (x86)\Jenkins\jre\bin;C:\Windows\Sun\Java\bin;C:\Windows\system32;C:\Windows;C:\Program Files (x86)\Jenkins\tools\hudson.tasks.Maven_MavenInstallation\TestMaven/bin;C:\Program Files (x86)\Common Files\Oracle\Java\javapath;C:\Windows\system32;C:\Windows;C:\Windows\System32\Wbem;C:\Windows\System32\WindowsPowerShell\v1.0\;C:\Program Files\Amazon\cfn-bootstrap\;C:\Program Files\Java\jdk1.8.0_251\bin;C:\Users\Administrator\AppData\Local\Android\Sdk\platform-tools;C:\Users\Administrator\AppData\Local\Android\Sdk\tools;C:\Users\Administrator\AppData\Local\Android\Sdk\tools\bin;C:\Program Files\nodejs\;C:\Program Files (x86)\Micro Focus\Unified Functional Testing\bin;C:\Program Files\apache-maven-3.6.3\bin;C:\Program Files\gradle-6.5-all\gradle-6.5\bin;C:\Program Files\Git\bin;C:\Program Files\Git\cmd;C:\Users\Administrator\Downloads\Drivers\;;."/>
    <property name="java.vm.info" value="mixed mode"/>
    <property name="java.vendor" value="Oracle Corporation"/>
    <property name="java.vm.version" value="25.144-b01"/>
    <property name="java.ext.dirs" value="C:\Program Files (x86)\Jenkins\jre\lib\ext;C:\Windows\Sun\Java\lib\ext"/>
    <property name="sun.io.unicode.encoding" value="UnicodeLittle"/>
    <property name="java.class.version" value="52.0"/>
  </properties>
  <testcase name="Given user enters &quot;standard_user&quot; and &quot;secret_sauce&quot; and clicks on login button" classname="| standard_user | secret_sauce |" time="0.001"/>
  <testcase name="Given user enters &quot;standard_user&quot; and &quot;secret_sauce&quot; and clicks on login button" classname="| standard_user | secret_sauce |" time="0"/>
  <testcase name="Given user enters &quot;standard_user&quot; and &quot;secret_sauce&quot; and clicks on login button" classname="| standard_user | secret_sauce |" time="0"/>
  <testcase name="Given user enters &quot;standard_user&quot; and &quot;secret_sauce&quot; and clicks on login button" classname="| standard_user | secret_sauce |" time="0"/>
  <testcase name="Given user enters &quot;standard_user&quot; and &quot;secret_sauce&quot; and clicks on login button" classname="| standard_user | secret_sauce |" time="0"/>
  <testcase name="Given user enters &quot;standard_user&quot; and &quot;secret_sauce&quot; and clicks on login button" classname="| standard_user | secret_sauce |" time="0"/>
  <testcase name="Given user enters &quot;standard_user&quot; and &quot;secret_sauce&quot; and clicks on login button" classname="| standard_user | secret_sauce |" time="0"/>
  <testcase name="Given user enters &quot;standard_user&quot; and &quot;secret_sauce&quot; and clicks on login button" classname="| standard_user | secret_sauce |" time="0"/>
  <testcase name="Given user enters &quot;standard_user&quot; and &quot;secret_sauce&quot; and clicks on login button" classname="| standard_user | secret_sauce |" time="0"/>
  <testcase name="Given user enters &quot;standard_user&quot; and &quot;secret_sauce&quot; and clicks on login button" classname="| standard_user | secret_sauce |" time="0"/>
  <testcase name="Given user enters &quot;standard_user&quot; and &quot;secret_sauce&quot; and clicks on login button" classname="| standard_user | secret_sauce |" time="0"/>
  <testcase name="Given user enters &quot;standard_user&quot; and &quot;secret_sauce&quot; and clicks on login button" classname="| standard_user | secret_sauce |" time="0"/>
  <testcase name="Given user enters &quot;standard_user&quot; and &quot;secret_sauce&quot; and clicks on login button" classname="| standard_user | secret_sauce |" time="0"/>
  <testcase name="Given user enters &quot;standard_user&quot; and &quot;secret_sauce&quot; and clicks on login button" classname="| standard_user | secret_sauce |" time="0"/>
  <testcase name="Given user enters &quot;standard_user&quot; and &quot;secret_sauce&quot; and clicks on login button" classname="| standard_user | secret_sauce |" time="0"/>
  <testcase name="Given user enters &quot;standard_user&quot; and &quot;secret_sauce&quot; and clicks on login button" classname="| standard_user | secret_sauce |" time="0"/>
  <testcase name="Given user enters &quot;standard_user&quot; and &quot;secret_sauce&quot; and clicks on login button" classname="| standard_user | secret_sauce |" time="0"/>
  <testcase name="Given user enters &quot;standard_user&quot; and &quot;secret_sauce&quot; and clicks on login button" classname="| standard_user | secret_sauce |" time="0"/>
  <testcase name="Given user enters &quot;standard_user&quot; and &quot;secret_sauce&quot; and clicks on login button" classname="| standard_user | secret_sauce |" time="0"/>
  <testcase name="Given user enters &quot;standard_user&quot; and &quot;secret_sauce&quot; and clicks on login button" classname="| standard_user | secret_sauce |" time="0"/>
  <testcase name="Given user enters &quot;standard_user&quot; and &quot;secret_sauce&quot; and clicks on login button" classname="| standard_user | secret_sauce |" time="0"/>
  <testcase name="Then user is on home page and check for prodcuts" classname="| standard_user | secret_sauce |" time="0"/>
  <testcase name="| standard_user | secret_sauce |" classname="| standard_user | secret_sauce |" time="0.945"/>
  <testcase name="| standard_user | secret_sauce |" classname="| standard_user | secret_sauce |" time="0.765"/>
  <testcase name="| standard_user | secret_sauce |" classname="| standard_user | secret_sauce |" time="0.752"/>
  <testcase name="| standard_user | secret_sauce |" classname="| standard_user | secret_sauce |" time="0.743"/>
  <testcase name="| standard_user | secret_sauce |" classname="| standard_user | secret_sauce |" time="0.897"/>
  <testcase name="| standard_user | secret_sauce |" classname="| standard_user | secret_sauce |" time="0.655"/>
  <testcase name="| standard_user | secret_sauce |" classname="| standard_user | secret_sauce |" time="0.746"/>
  <testcase name="| standard_user | secret_sauce |" classname="| standard_user | secret_sauce |" time="0.959"/>
  <testcase name="| standard_user | secret_sauce |" classname="| standard_user | secret_sauce |" time="0.834"/>
  <testcase name="| standard_user | secret_sauce |" classname="| standard_user | secret_sauce |" time="0.643"/>
  <testcase name="| standard_user | secret_sauce |" classname="| standard_user | secret_sauce |" time="0.857"/>
  <testcase name="| standard_user | secret_sauce |" classname="| standard_user | secret_sauce |" time="0.737"/>
  <testcase name="| standard_user | secret_sauce |" classname="| standard_user | secret_sauce |" time="0.829"/>
  <testcase name="| standard_user | secret_sauce |" classname="| standard_user | secret_sauce |" time="0.676"/>
  <testcase name="| standard_user | secret_sauce |" classname="| standard_user | secret_sauce |" time="0.65"/>
  <testcase name="| standard_user | secret_sauce |" classname="| standard_user | secret_sauce |" time="0.754"/>
  <testcase name="| standard_user | secret_sauce |" classname="| standard_user | secret_sauce |" time="0.745"/>
  <testcase name="| standard_user | secret_sauce |" classname="| standard_user | secret_sauce |" time="0.794"/>
  <testcase name="| standard_user | secret_sauce |" classname="| standard_user | secret_sauce |" time="0.861"/>
  <testcase name="| standard_user | secret_sauce |" classname="| standard_user | secret_sauce |" time="0.766"/>
  <testcase name="| standard_user | secret_sauce |" classname="| standard_user | secret_sauce |" time="0.844"/>
  <testcase name="Given user enters &quot;problem_user&quot; and &quot;secret_sauce&quot; and clicks on login button" classname="| problem_user | secret_sauce |" time="0"/>
  <testcase name="Then user is on home page and check for prodcuts" classname="| problem_user | secret_sauce |" time="0"/>
  <testcase name="| problem_user | secret_sauce |" classname="| problem_user | secret_sauce |" time="0.874"/>
  <testcase name="Given user enters &quot;performance_glitch_user&quot; and &quot;secret_sauce&quot; and clicks on login button" classname="| performance_glitch_user | secret_sauce |" time="0"/>
  <testcase name="Given user enters &quot;performance_glitch_user&quot; and &quot;secret_sauce&quot; and clicks on login button" classname="| performance_glitch_user | secret_sauce |" time="0"/>
  <testcase name="Given user enters &quot;performance_glitch_user&quot; and &quot;secret_sauce&quot; and clicks on login button" classname="| performance_glitch_user | secret_sauce |" time="0"/>
  <testcase name="Given user enters &quot;performance_glitch_user&quot; and &quot;secret_sauce&quot; and clicks on login button" classname="| performance_glitch_user | secret_sauce |" time="0.001"/>
  <testcase name="Given user enters &quot;performance_glitch_user&quot; and &quot;secret_sauce&quot; and clicks on login button" classname="| performance_glitch_user | secret_sauce |" time="0"/>
  <testcase name="Given user enters &quot;performance_glitch_user&quot; and &quot;secret_sauce&quot; and clicks on login button" classname="| performance_glitch_user | secret_sauce |" time="0"/>
  <testcase name="Given user enters &quot;performance_glitch_user&quot; and &quot;secret_sauce&quot; and clicks on login button" classname="| performance_glitch_user | secret_sauce |" time="0"/>
  <testcase name="Given user enters &quot;performance_glitch_user&quot; and &quot;secret_sauce&quot; and clicks on login button" classname="| performance_glitch_user | secret_sauce |" time="0"/>
  <testcase name="Given user enters &quot;performance_glitch_user&quot; and &quot;secret_sauce&quot; and clicks on login button" classname="| performance_glitch_user | secret_sauce |" time="0"/>
  <testcase name="Given user enters &quot;performance_glitch_user&quot; and &quot;secret_sauce&quot; and clicks on login button" classname="| performance_glitch_user | secret_sauce |" time="0"/>
  <testcase name="Given user enters &quot;performance_glitch_user&quot; and &quot;secret_sauce&quot; and clicks on login button" classname="| performance_glitch_user | secret_sauce |" time="0"/>
  <testcase name="Given user enters &quot;performance_glitch_user&quot; and &quot;secret_sauce&quot; and clicks on login button" classname="| performance_glitch_user | secret_sauce |" time="0"/>
  <testcase name="Given user enters &quot;performance_glitch_user&quot; and &quot;secret_sauce&quot; and clicks on login button" classname="| performance_glitch_user | secret_sauce |" time="0"/>
  <testcase name="Given user enters &quot;performance_glitch_user&quot; and &quot;secret_sauce&quot; and clicks on login button" classname="| performance_glitch_user | secret_sauce |" time="0"/>
  <testcase name="Given user enters &quot;performance_glitch_user&quot; and &quot;secret_sauce&quot; and clicks on login button" classname="| performance_glitch_user | secret_sauce |" time="0"/>
  <testcase name="Given user enters &quot;performance_glitch_user&quot; and &quot;secret_sauce&quot; and clicks on login button" classname="| performance_glitch_user | secret_sauce |" time="0"/>
  <testcase name="Given user enters &quot;performance_glitch_user&quot; and &quot;secret_sauce&quot; and clicks on login button" classname="| performance_glitch_user | secret_sauce |" time="0"/>
  <testcase name="Given user enters &quot;performance_glitch_user&quot; and &quot;secret_sauce&quot; and clicks on login button" classname="| performance_glitch_user | secret_sauce |" time="0"/>
  <testcase name="Given user enters &quot;performance_glitch_user&quot; and &quot;secret_sauce&quot; and clicks on login button" classname="| performance_glitch_user | secret_sauce |" time="0"/>
  <testcase name="Given user enters &quot;performance_glitch_user&quot; and &quot;secret_sauce&quot; and clicks on login button" classname="| performance_glitch_user | secret_sauce |" time="0"/>
  <testcase name="Given user enters &quot;performance_glitch_user&quot; and &quot;secret_sauce&quot; and clicks on login button" classname="| performance_glitch_user | secret_sauce |" time="0"/>
  <testcase name="Then user is on home page and check for prodcuts" classname="| performance_glitch_user | secret_sauce |" time="0"/>
  <testcase name="| performance_glitch_user | secret_sauce |" classname="| performance_glitch_user | secret_sauce |" time="0.763"/>
  <testcase name="| performance_glitch_user | secret_sauce |" classname="| performance_glitch_user | secret_sauce |" time="0.844"/>
  <testcase name="| performance_glitch_user | secret_sauce |" classname="| performance_glitch_user | secret_sauce |" time="0.792"/>
  <testcase name="| performance_glitch_user | secret_sauce |" classname="| performance_glitch_user | secret_sauce |" time="0.769"/>
  <testcase name="| performance_glitch_user | secret_sauce |" classname="| performance_glitch_user | secret_sauce |" time="1.014"/>
  <testcase name="| performance_glitch_user | secret_sauce |" classname="| performance_glitch_user | secret_sauce |" time="0.653"/>
  <testcase name="| performance_glitch_user | secret_sauce |" classname="| performance_glitch_user | secret_sauce |" time="0.932"/>
  <testcase name="| performance_glitch_user | secret_sauce |" classname="| performance_glitch_user | secret_sauce |" time="0.658"/>
  <testcase name="| performance_glitch_user | secret_sauce |" classname="| performance_glitch_user | secret_sauce |" time="0.767"/>
  <testcase name="| performance_glitch_user | secret_sauce |" classname="| performance_glitch_user | secret_sauce |" time="0.775"/>
  <testcase name="| performance_glitch_user | secret_sauce |" classname="| performance_glitch_user | secret_sauce |" time="0.655"/>
  <testcase name="| performance_glitch_user | secret_sauce |" classname="| performance_glitch_user | secret_sauce |" time="0.849"/>
  <testcase name="| performance_glitch_user | secret_sauce |" classname="| performance_glitch_user | secret_sauce |" time="0.645"/>
  <testcase name="| performance_glitch_user | secret_sauce |" classname="| performance_glitch_user | secret_sauce |" time="0.747"/>
  <testcase name="| performance_glitch_user | secret_sauce |" classname="| performance_glitch_user | secret_sauce |" time="0.89"/>
  <testcase name="| performance_glitch_user | secret_sauce |" classname="| performance_glitch_user | secret_sauce |" time="0.769"/>
  <testcase name="| performance_glitch_user | secret_sauce |" classname="| performance_glitch_user | secret_sauce |" time="0.657"/>
  <testcase name="| performance_glitch_user | secret_sauce |" classname="| performance_glitch_user | secret_sauce |" time="0.651"/>
  <testcase name="| performance_glitch_user | secret_sauce |" classname="| performance_glitch_user | secret_sauce |" time="0.797"/>
  <testcase name="| performance_glitch_user | secret_sauce |" classname="| performance_glitch_user | secret_sauce |" time="0.768"/>
  <testcase name="| performance_glitch_user | secret_sauce |" classname="| performance_glitch_user | secret_sauce |" time="0.86"/>
  <testcase name="Given user enters &quot;standarduser&quot; and &quot;secret_sauce&quot; and clicks on login button" classname="| standarduser | secret_sauce | Epic sadface: Username and password do not match any user in this service |" time="0"/>
  <testcase name="Then verify error message &quot;Epic sadface: Username and password do not match any user in this service&quot;" classname="| standarduser | secret_sauce | Epic sadface: Username and password do not match any user in this service |" time="0"/>
  <testcase name="| standarduser | secret_sauce | Epic sadface: Username and password do not match any user in this service |" classname="| standarduser | secret_sauce | Epic sadface: Username and password do not match any user in this service |" time="0.74"/>
  <testcase name="Given user enters &quot;standard_user&quot; and &quot;secretsauce&quot; and clicks on login button" classname="| standard_user | secretsauce | Epic sadface: Username and password do not match any user in this service |" time="0"/>
  <testcase name="Then verify error message &quot;Epic sadface: Username and password do not match any user in this service&quot;" classname="| standard_user | secretsauce | Epic sadface: Username and password do not match any user in this service |" time="0"/>
  <testcase name="| standard_user | secretsauce | Epic sadface: Username and password do not match any user in this service |" classname="| standard_user | secretsauce | Epic sadface: Username and password do not match any user in this service |" time="0.754"/>
  <testcase name="Given user enters &quot;locked_out_user&quot; and &quot;secret_sauce&quot; and clicks on login button" classname="| locked_out_user | secret_sauce | Epic sadface: Sorry, this user has been locked out. |" time="0"/>
  <testcase name="Then verify error message &quot;Epic sadface: Sorry, this user has been locked out.&quot;" classname="| locked_out_user | secret_sauce | Epic sadface: Sorry, this user has been locked out. |" time="0"/>
  <testcase name="| locked_out_user | secret_sauce | Epic sadface: Sorry, this user has been locked out. |" classname="| locked_out_user | secret_sauce | Epic sadface: Sorry, this user has been locked out. |" time="0.736"/>
  <testcase name="Given user enters &quot;test_user&quot; and &quot;secret_sauce&quot; and clicks on login button" classname="| test_user | secret_sauce | Epic sadface: Username and password do not match any user in this service |" time="0"/>
  <testcase name="Then verify error message &quot;Epic sadface: Username and password do not match any user in this service&quot;" classname="| test_user | secret_sauce | Epic sadface: Username and password do not match any user in this service |" time="0"/>
  <testcase name="| test_user | secret_sauce | Epic sadface: Username and password do not match any user in this service |" classname="| test_user | secret_sauce | Epic sadface: Username and password do not match any user in this service |" time="0.775"/>
  <testcase name="Given user enters &quot;&quot; and &quot;secret_sauce&quot; and clicks on login button" classname="|  | secret_sauce | Epic sadface: Username is required |" time="0"/>
  <testcase name="Then verify error message &quot;Epic sadface: Username is required&quot;" classname="|  | secret_sauce | Epic sadface: Username is required |" time="0"/>
  <testcase name="|  | secret_sauce | Epic sadface: Username is required |" classname="|  | secret_sauce | Epic sadface: Username is required |" time="0.656"/>
  <testcase name="Given user enters &quot;standard_user&quot; and &quot;&quot; and clicks on login button" classname="| standard_user |  | Epic sadface: Password is required |" time="0"/>
  <testcase name="Then verify error message &quot;Epic sadface: Password is required&quot;" classname="| standard_user |  | Epic sadface: Password is required |" time="0"/>
  <testcase name="| standard_user |  | Epic sadface: Password is required |" classname="| standard_user |  | Epic sadface: Password is required |" time="0.741"/>
  <testcase name="When user is on swag labs home page" classname="| standard_user | secret_sauce |" time="0"/>
  <testcase name="When user is on swag labs home page" classname="| standard_user | secret_sauce |" time="0"/>
  <testcase name="When user is on swag labs home page" classname="| standard_user | secret_sauce |" time="0"/>
  <testcase name="When user is on swag labs home page" classname="| standard_user | secret_sauce |" time="0"/>
  <testcase name="When user is on swag labs home page" classname="| standard_user | secret_sauce |" time="0"/>
  <testcase name="When user is on swag labs home page" classname="| standard_user | secret_sauce |" time="0.001"/>
  <testcase name="When user is on swag labs home page" classname="| standard_user | secret_sauce |" time="0"/>
  <testcase name="When user is on swag labs home page" classname="| standard_user | secret_sauce |" time="0"/>
  <testcase name="When user is on swag labs home page" classname="| standard_user | secret_sauce |" time="0"/>
  <testcase name="When user is on swag labs home page" classname="| standard_user | secret_sauce |" time="0"/>
  <testcase name="When user is on swag labs home page" classname="| standard_user | secret_sauce |" time="0"/>
  <testcase name="When user is on swag labs home page" classname="| standard_user | secret_sauce |" time="0"/>
  <testcase name="When user is on swag labs home page" classname="| standard_user | secret_sauce |" time="0"/>
  <testcase name="When user is on swag labs home page" classname="| standard_user | secret_sauce |" time="0"/>
  <testcase name="When user is on swag labs home page" classname="| standard_user | secret_sauce |" time="0"/>
  <testcase name="When user is on swag labs home page" classname="| standard_user | secret_sauce |" time="0"/>
  <testcase name="When user is on swag labs home page" classname="| standard_user | secret_sauce |" time="0"/>
  <testcase name="When user is on swag labs home page" classname="| standard_user | secret_sauce |" time="0"/>
  <testcase name="When user is on swag labs home page" classname="| standard_user | secret_sauce |" time="0"/>
  <testcase name="When user is on swag labs home page" classname="| standard_user | secret_sauce |" time="0"/>
  <testcase name="Then verify products on home page" classname="| standard_user | secret_sauce |" time="0"/>
  <testcase name="When user is on swag labs home page" classname="| performance_glitch_user | secret_sauce |" time="0"/>
  <testcase name="When user is on swag labs home page" classname="| performance_glitch_user | secret_sauce |" time="0"/>
  <testcase name="When user is on swag labs home page" classname="| performance_glitch_user | secret_sauce |" time="0"/>
  <testcase name="When user is on swag labs home page" classname="| performance_glitch_user | secret_sauce |" time="0"/>
  <testcase name="When user is on swag labs home page" classname="| performance_glitch_user | secret_sauce |" time="0"/>
  <testcase name="When user is on swag labs home page" classname="| performance_glitch_user | secret_sauce |" time="0"/>
  <testcase name="When user is on swag labs home page" classname="| performance_glitch_user | secret_sauce |" time="0"/>
  <testcase name="When user is on swag labs home page" classname="| performance_glitch_user | secret_sauce |" time="0"/>
  <testcase name="When user is on swag labs home page" classname="| performance_glitch_user | secret_sauce |" time="0"/>
  <testcase name="When user is on swag labs home page" classname="| performance_glitch_user | secret_sauce |" time="0"/>
  <testcase name="When user is on swag labs home page" classname="| performance_glitch_user | secret_sauce |" time="0"/>
  <testcase name="When user is on swag labs home page" classname="| performance_glitch_user | secret_sauce |" time="0"/>
  <testcase name="When user is on swag labs home page" classname="| performance_glitch_user | secret_sauce |" time="0"/>
  <testcase name="When user is on swag labs home page" classname="| performance_glitch_user | secret_sauce |" time="0"/>
  <testcase name="When user is on swag labs home page" classname="| performance_glitch_user | secret_sauce |" time="0"/>
  <testcase name="When user is on swag labs home page" classname="| performance_glitch_user | secret_sauce |" time="0"/>
  <testcase name="When user is on swag labs home page" classname="| performance_glitch_user | secret_sauce |" time="0"/>
  <testcase name="When user is on swag labs home page" classname="| performance_glitch_user | secret_sauce |" time="0"/>
  <testcase name="When user is on swag labs home page" classname="| performance_glitch_user | secret_sauce |" time="0"/>
  <testcase name="When user is on swag labs home page" classname="| performance_glitch_user | secret_sauce |" time="0"/>
  <testcase name="Then verify products on home page" classname="| performance_glitch_user | secret_sauce |" time="0"/>
  <testcase name="Then verify user can sort products" classname="| standard_user | secret_sauce |" time="0"/>
  <testcase name="Then verify user can sort products" classname="| performance_glitch_user | secret_sauce |" time="0"/>
  <testcase name="Then user clicks on all items" classname="| standard_user | secret_sauce |" time="0"/>
  <testcase name="Then user clicks on all items" classname="| performance_glitch_user | secret_sauce |" time="0"/>
  <testcase name="Then user clicks on about" classname="| standard_user | secret_sauce |" time="0"/>
  <testcase name="Then user clicks on about" classname="| performance_glitch_user | secret_sauce |" time="0"/>
  <testcase name="Then user clicks on Reset App State" classname="| standard_user | secret_sauce |" time="0"/>
  <testcase name="Then user clicks on Reset App State" classname="| performance_glitch_user | secret_sauce |" time="0"/>
  <testcase name="Then user clicks on logout" classname="| standard_user | secret_sauce |" time="0"/>
  <testcase name="Then user clicks on logout" classname="| standard_user | secret_sauce |" time="0"/>
  <testcase name="Then user clicks on logout" classname="| standard_user | secret_sauce |" time="0"/>
  <testcase name="Then user clicks on logout" classname="| performance_glitch_user | secret_sauce |" time="0"/>
  <testcase name="Then user clicks on logout" classname="| performance_glitch_user | secret_sauce |" time="0"/>
  <testcase name="Then user clicks on logout" classname="| performance_glitch_user | secret_sauce |" time="0"/>
  <testcase name="Then user adds product from home page" classname="| standard_user | secret_sauce |" time="0"/>
  <testcase name="Then user adds product from home page" classname="| standard_user | secret_sauce |" time="0.001"/>
  <testcase name="Then user adds product from home page" classname="| standard_user | secret_sauce |" time="0"/>
  <testcase name="Then user adds product from home page" classname="| standard_user | secret_sauce |" time="0"/>
  <testcase name="Then user adds product from home page" classname="| standard_user | secret_sauce |" time="0"/>
  <testcase name="Then user adds product from home page" classname="| standard_user | secret_sauce |" time="0"/>
  <testcase name="Then user adds product from home page" classname="| standard_user | secret_sauce |" time="0"/>
  <testcase name="Then user adds product from home page" classname="| standard_user | secret_sauce |" time="0"/>
  <testcase name="Then user adds product from home page" classname="| standard_user | secret_sauce |" time="0"/>
  <testcase name="Then user adds product from home page" classname="| standard_user | secret_sauce |" time="0"/>
  <testcase name="Then user adds product from home page" classname="| performance_glitch_user | secret_sauce |" time="0"/>
  <testcase name="Then user adds product from home page" classname="| performance_glitch_user | secret_sauce |" time="0"/>
  <testcase name="Then user adds product from home page" classname="| performance_glitch_user | secret_sauce |" time="0"/>
  <testcase name="Then user adds product from home page" classname="| performance_glitch_user | secret_sauce |" time="0"/>
  <testcase name="Then user adds product from home page" classname="| performance_glitch_user | secret_sauce |" time="0"/>
  <testcase name="Then user adds product from home page" classname="| performance_glitch_user | secret_sauce |" time="0"/>
  <testcase name="Then user adds product from home page" classname="| performance_glitch_user | secret_sauce |" time="0"/>
  <testcase name="Then user adds product from home page" classname="| performance_glitch_user | secret_sauce |" time="0"/>
  <testcase name="Then user adds product from home page" classname="| performance_glitch_user | secret_sauce |" time="0"/>
  <testcase name="Then user adds product from home page" classname="| performance_glitch_user | secret_sauce |" time="0"/>
  <testcase name="Then user removes product on home page" classname="| standard_user | secret_sauce |" time="0"/>
  <testcase name="Then user removes product on home page" classname="| performance_glitch_user | secret_sauce |" time="0"/>
  <testcase name="Then user adds product from product details page" classname="| standard_user | secret_sauce |" time="0"/>
  <testcase name="Then user adds product from product details page" classname="| standard_user | secret_sauce |" time="0"/>
  <testcase name="Then user adds product from product details page" classname="| performance_glitch_user | secret_sauce |" time="0"/>
  <testcase name="Then user adds product from product details page" classname="| performance_glitch_user | secret_sauce |" time="0"/>
  <testcase name="Then user removes products from product details page" classname="| standard_user | secret_sauce |" time="0"/>
  <testcase name="Then user removes products from product details page" classname="| performance_glitch_user | secret_sauce |" time="0"/>
  <testcase name="Then user removes products from cart" classname="| standard_user | secret_sauce |" time="0"/>
  <testcase name="Then user removes products from cart" classname="| performance_glitch_user | secret_sauce |" time="0"/>
  <testcase name="Then user continue shopping from cart" classname="| standard_user | secret_sauce |" time="0"/>
  <testcase name="Then user continue shopping from cart" classname="| performance_glitch_user | secret_sauce |" time="0"/>
  <testcase name="Then user checkout product from cart" classname="| standard_user | secret_sauce |" time="0"/>
  <testcase name="Then user checkout product from cart" classname="| standard_user | secret_sauce |" time="0"/>
  <testcase name="Then user checkout product from cart" classname="| standard_user | secret_sauce |" time="0"/>
  <testcase name="Then user checkout product from cart" classname="| standard_user | secret_sauce |" time="0"/>
  <testcase name="Then user checkout product from cart" classname="| standard_user | secret_sauce |" time="0"/>
  <testcase name="Then user checkout product from cart" classname="| standard_user | secret_sauce |" time="0"/>
  <testcase name="Then user checkout product from cart" classname="| standard_user | secret_sauce |" time="0"/>
  <testcase name="Then user checkout product from cart" classname="| standard_user | secret_sauce |" time="0"/>
  <testcase name="Then user checkout product from cart" classname="| performance_glitch_user | secret_sauce |" time="0"/>
  <testcase name="Then user checkout product from cart" classname="| performance_glitch_user | secret_sauce |" time="0"/>
  <testcase name="Then user checkout product from cart" classname="| performance_glitch_user | secret_sauce |" time="0"/>
  <testcase name="Then user checkout product from cart" classname="| performance_glitch_user | secret_sauce |" time="0"/>
  <testcase name="Then user checkout product from cart" classname="| performance_glitch_user | secret_sauce |" time="0"/>
  <testcase name="Then user checkout product from cart" classname="| performance_glitch_user | secret_sauce |" time="0"/>
  <testcase name="Then user checkout product from cart" classname="| performance_glitch_user | secret_sauce |" time="0"/>
  <testcase name="Then user checkout product from cart" classname="| performance_glitch_user | secret_sauce |" time="0"/>
  <testcase name="Then user tries to checkout product from cart without buyer data" classname="| standard_user | secret_sauce |" time="0"/>
  <testcase name="Then user tries to checkout product from cart without buyer data" classname="| performance_glitch_user | secret_sauce |" time="0"/>
  <testcase name="Then user cancels checkout process" classname="| standard_user | secret_sauce |" time="0"/>
  <testcase name="Then user cancels checkout process" classname="| standard_user | secret_sauce |" time="0"/>
  <testcase name="Then user cancels checkout process" classname="| performance_glitch_user | secret_sauce |" time="0"/>
  <testcase name="Then user cancels checkout process" classname="| performance_glitch_user | secret_sauce |" time="0"/>
  <testcase name="Then user continue checkout with buyer data" classname="| standard_user | secret_sauce |" time="0"/>
  <testcase name="Then user continue checkout with buyer data" classname="| standard_user | secret_sauce |" time="0"/>
  <testcase name="Then user continue checkout with buyer data" classname="| standard_user | secret_sauce |" time="0"/>
  <testcase name="Then user continue checkout with buyer data" classname="| standard_user | secret_sauce |" time="0"/>
  <testcase name="Then user continue checkout with buyer data" classname="| performance_glitch_user | secret_sauce |" time="0"/>
  <testcase name="Then user continue checkout with buyer data" classname="| performance_glitch_user | secret_sauce |" time="0"/>
  <testcase name="Then user continue checkout with buyer data" classname="| performance_glitch_user | secret_sauce |" time="0"/>
  <testcase name="Then user continue checkout with buyer data" classname="| performance_glitch_user | secret_sauce |" time="0"/>
  <testcase name="Then user finish checkout process" classname="| standard_user | secret_sauce |" time="0"/>
  <testcase name="Then user finish checkout process" classname="| standard_user | secret_sauce |" time="0"/>
  <testcase name="Then user finish checkout process" classname="| performance_glitch_user | secret_sauce |" time="0"/>
  <testcase name="Then user finish checkout process" classname="| performance_glitch_user | secret_sauce |" time="0"/>
</testsuite>